Microsoft (R) Macro Assembler Version 14.11.25508.2	    09/25/17 17:16:52
ShiftArray.asm						     Page 1 - 1


				COMMENT @

				Tyler Paulley
				9/19/2017
				Chapter 4, Exercise 8
				ShiftArray.asm

				@

				.386
				.model flat,stdcall
				.stack 4096
				ExitProcess proto,dwExitCode:DWORD

 00000000			.data
 00000000 0A 14 1E 28		intArray BYTE 10d, 20d, 30d, 40d
 00000004 00000000 R		firstLocation DWORD OFFSET intArray
 00000008 00000003 R		lastLocation DWORD SIZEOF intArray - TYPE intArray + OFFSET intArray

 00000000			.code
 00000000			main proc
 00000000  B8 00000000			mov eax, 0								;clear regs we will use
 00000005  BB 00000000			mov ebx, 0
 0000000A  BE 00000000 R		mov esi, OFFSET intArray				;store location of first array element
 0000000F  8A 06			mov al, [esi]							;store first array item's value
					
 00000011			ShiftLoop:				
 00000011  3B 35 00000008 R		cmp esi, lastLocation					;go until current position is last position
 00000017  74 0B			je LastShift								

 00000019  83 C6 01			add esi, TYPE intArray					;increment position up by one array element
 0000001C  8A 1E			mov bl, [esi]							;save next value
 0000001E  88 06			mov [esi], al 							;store current value at position of next
 00000020  86 C3			xchg al, bl								;next value becomes current value
 00000022  E2 ED			loop ShiftLoop

 00000024			LastShift:
 00000024  8B 35 00000004 R		mov esi, firstLocation					;move to starting location of array
 0000002A  88 06			mov [esi], al							;move last array element to start		
					;invoke ExitProcess,0
 0000002C			main endp
				end main
Microsoft (R) Macro Assembler Version 14.11.25508.2	    09/25/17 17:16:52
ShiftArray.asm						     Symbols 2 - 1




Segments and Groups:

                N a m e                 Size     Length   Align   Combine Class

FLAT . . . . . . . . . . . . . .	GROUP
STACK  . . . . . . . . . . . . .	32 Bit	 00001000 DWord	  Stack	  'STACK'	 
_DATA  . . . . . . . . . . . . .	32 Bit	 0000000C DWord	  Public  'DATA'	
_TEXT  . . . . . . . . . . . . .	32 Bit	 0000002C DWord	  Public  'CODE'	


Procedures, parameters, and locals:

                N a m e                 Type     Value    Attr

ExitProcess  . . . . . . . . . .	P Near	 00000000 FLAT	Length= 00000000 External STDCALL
main . . . . . . . . . . . . . .	P Near	 00000000 _TEXT	Length= 0000002C Public STDCALL
  ShiftLoop  . . . . . . . . . .	L Near	 00000011 _TEXT	
  LastShift  . . . . . . . . . .	L Near	 00000024 _TEXT	


Symbols:

                N a m e                 Type     Value    Attr

@CodeSize  . . . . . . . . . . .	Number	 00000000h   
@DataSize  . . . . . . . . . . .	Number	 00000000h   
@Interface . . . . . . . . . . .	Number	 00000003h   
@Model . . . . . . . . . . . . .	Number	 00000007h   
@code  . . . . . . . . . . . . .	Text   	 _TEXT
@data  . . . . . . . . . . . . .	Text   	 FLAT
@fardata?  . . . . . . . . . . .	Text   	 FLAT
@fardata . . . . . . . . . . . .	Text   	 FLAT
@stack . . . . . . . . . . . . .	Text   	 FLAT
firstLocation  . . . . . . . . .	DWord	 00000004 _DATA	
intArray . . . . . . . . . . . .	Byte	 00000000 _DATA	
lastLocation . . . . . . . . . .	DWord	 00000008 _DATA	

	   0 Warnings
	   0 Errors
